0:100  0:100  MemLog inited, TSC freq: 2712385510
0:100  0:000  CPU was calibrated with RTC
0:100  0:000  
0:100  0:000  Now is 13.9.2019,  15:0:49 (GMT)
0:100  0:000  Starting Clover revision: 5070 on American Megatrends EFI
0:100  0:000  Build with: [Args: -D NO_GRUB_DRIVERS_EMBEDDED | -D NO_GRUB_DRIVERS_EMBEDDED -D USE_LOW_EBDA -a X64 -b RELEASE -t XCODE8 -n 5 | OS: 10.14.6 | XCODE: 10.3]
0:100  0:000  SelfDevicePath=PciRoot(0x0)\Pci(0x17,0x0)\Sata(0x0,0xFFFF,0x0)\HD(6,GPT,9DEBFC20-38BC-01D5-108E-55445E9CEA00,0x1DC8E800,0x64000) @88C7B518
0:100  0:000  SelfDirPath = \EFI\CLOVER
0:102  0:002  SimpleTextEx Status=Success
0:102  0:000  === [ Get Smbios ] ========================================
0:102  0:000  Type 16 Index = 0
0:102  0:000  Total Memory Slots Count = 2
0:102  0:000  Type 17 Index = 0
0:102  0:000  SmbiosTable.Type17->Speed = 2400MHz
0:102  0:000  SmbiosTable.Type17->Size = 8192MB
0:102  0:000  SmbiosTable.Type17->Bank/Device =  DIMM1
0:102  0:000  SmbiosTable.Type17->Vendor = SK Hynix
0:102  0:000  SmbiosTable.Type17->SerialNumber = 327ACD3E
0:102  0:000  SmbiosTable.Type17->PartNumber = HMA81GU6AFR8N-UH    
0:102  0:000  Type 17 Index = 1
0:102  0:000  Ignoring insane frequency value 0MHz
0:102  0:000  SmbiosTable.Type17->Speed = 0MHz
0:102  0:000  SmbiosTable.Type17->Size = 0MB
0:102  0:000  SmbiosTable.Type17->Bank/Device =  DIMM2
0:102  0:000  SmbiosTable.Type17->Vendor = <null string>
0:102  0:000  SmbiosTable.Type17->SerialNumber = <null string>
0:102  0:000  SmbiosTable.Type17->PartNumber = <null string>
0:102  0:000  Boot status=0
0:102  0:000  Running on: 'Vostro 3267' with board '0RYP79'
0:102  0:000  === [ GetCPUProperties ] ==================================
0:102  0:000  CPU Vendor = 756E6547 Model=506E3
0:103  0:000   The CPU supported SSE4.1
0:103  0:000  BrandString = Intel(R) Core(TM) i5-6400 CPU @ 2.70GHz
0:103  0:000   The CPU supported turbo
0:103  0:000  MSR 0x35               40004
0:103  0:000   TSC/CCC Information Leaf:
0:103  0:000    numerator     : 226
0:103  0:000    denominator   : 2
0:103  0:000   Calibrated ARTFrequency: 24003411
0:103  0:000   Rounded ARTFrequency: 24100000
0:103  0:000  MSR 0xE2 before patch 7E008006
0:103  0:000  MSR 0xE2 is locked, PM patches will be turned on
0:103  0:000  MSR 0xCE              00080838_F1011B00
0:103  0:000  corrected FLEX_RATIO = 0
0:103  0:000  MSR 0x1B0             00000000
0:103  0:000  FSBFrequency = 100 MHz, DMI FSBFrequency = 100 MHz, Corrected FSBFrequency = 100 MHz
0:103  0:000  MaxDiv/MinDiv: 27.0/8
0:103  0:000  Turbo: 31/32/33/33
0:103  0:000  Features: 0xBFEBFBFF
0:103  0:000  Threads: 4
0:103  0:000  Cores: 4
0:103  0:000  FSB: 100 MHz
0:103  0:000  CPU: 2700 MHz
0:103  0:000  TSC: 2700 MHz
0:103  0:000  PIS: 100 MHz
0:103  0:000  ExternalClock: 25 MHz
0:103  0:000  === [ GetDevices ] ========================================
0:103  0:000  GOP found at: PciRoot(0x0)/Pci(0x2,0x0)/AcpiAdr(0x80014310)
0:103  0:000  PCI (00|00:00.00) : 8086 191F class=060000
0:103  0:000  PCI (00|00:01.00) : 8086 1901 class=060400
0:103  0:000  PCI (00|00:02.00) : 8086 1912 class=030000
0:103  0:000   - GOP: Provided by device
0:103  0:000   - GFX: Model=Intel HD Graphics 530 (Intel)
0:103  0:000  PCI (00|00:14.00) : 8086 A12F class=0C0330
0:103  0:000  PCI (00|00:14.02) : 8086 A131 class=118000
0:103  0:000  PCI (00|00:16.00) : 8086 A13A class=078000
0:103  0:000  PCI (00|00:17.00) : 8086 A102 class=010601
0:103  0:000  PCI (00|00:1C.00) : 8086 A114 class=060400
0:103  0:000  PCI (00|02:00.00) : 10EC 8168 class=020000
0:103  0:000   - LAN: 0 Vendor=Realtek
0:103  0:000  PCI (00|00:1C.06) : 8086 A116 class=060400
0:103  0:000  PCI (00|03:00.00) : 168C 0036 class=028000
0:103  0:000   - WIFI: Vendor=Atheros
0:103  0:000  PCI (00|00:1F.00) : 8086 A143 class=060100
0:103  0:000  PCI (00|00:1F.02) : 8086 A121 class=058000
0:103  0:000  PCI (00|00:1F.03) : 8086 A170 class=040300
0:103  0:000  PCI (00|00:1F.04) : 8086 A123 class=0C0500
0:103  0:000  === [ GetDefaultSettings ] ================================
0:103  0:000  Clover load options size = 160 bytes
0:107  0:004  EFI\CLOVER\.plist not loaded with name from LoadOptions: Invalid Parameter
0:115  0:007  EFI\CLOVER\config.plist loaded: Success
0:118  0:003  === [ GetListOfThemes ] ===================================
0:120  0:001  - [00]: BGM
0:124  0:003  - [01]: embedded
0:128  0:004  - [01]: Mojave
0:134  0:005  - [02]: random
0:138  0:004  === [ Found config plists ] ===============================
0:142  0:003  - config.plist
0:142  0:000  === [ GetEarlyUserSettings ] ==============================
0:142  0:000  timeout set to 5
0:142  0:000  Custom boot CUSTOM_BOOT_DISABLED (0x0)
0:142  0:000  KextsToPatch: 4 requested
0:142  0:000   - [00]: com.apple.iokit.IOUSBHostFamily (USB port limit patch #1/4 10.14.x modify by DalianSky (credit ydeng)) :: MatchOS: 10.14.x :: BinPatch :: data len: 4
0:142  0:000   - patch disabled at config
0:142  0:000   - [01]: com.apple.iokit.IOUSBHostFamily (USB port limit patch #2/4 10.14.x modify by DalianSky (credit PMHeart)) :: MatchOS: 10.14.x :: BinPatch :: data len: 4
0:142  0:000   - patch disabled at config
0:142  0:000   - [02]: com.apple.driver.usb.AppleUSBXHCI (USB Port limit patch #3/4 10.14.x modify by DalianSky (credit PMheart)) :: MatchOS: 10.14.x :: BinPatch :: data len: 4
0:142  0:000   - patch disabled at config
0:142  0:000   - [03]: com.apple.driver.usb.AppleUSBXHCI (USB Port limit patch #4/4 10.14.x modify by DalianSky (credit PMheart)) :: MatchOS: 10.14.x :: BinPatch :: data len: 4
0:142  0:000   - patch disabled at config
0:142  0:000  KernelToPatch: 2 requested
0:142  0:000   - [00]: Disable panic kext logging on 10.14.4 Release kernel :: data len: 6
0:142  0:000   - [01]: Disable panic kext logging on 10.13 Release kernel :: MatchOS: 10.13 :: data len: 6
0:142  0:000  Default theme: Mojave
0:143  0:000  Hiding entries with string Preboot
0:143  0:000  Hiding entries with string Recovery
0:143  0:000  Hiding entries with string Legacy HD2
0:143  0:000  Hiding entries with string Legacy HD3
0:143  0:000  Hiding entries with string Legacy HD4
0:143  0:000  Hiding entries with string Legacy HD5
0:143  0:000  === [ LoadDrivers ] =======================================
0:146  0:003  Loading FSInject.efi  status=Success
0:155  0:008  Loading UsbMouseDxe.efi  status=Success
0:161  0:005   - driver needs connecting
0:161  0:000  Loading Ps2MouseDxe.efi  status=Success
0:167  0:006   - driver needs connecting
0:167  0:000  Loading DataHubDxe.efi  status=Success
0:182  0:014  Loading ApfsDriverLoader.efi  status=Success
0:187  0:005   - driver needs connecting
0:187  0:000  Loading AudioDxe.efi  status=Success
0:194  0:006   - driver needs connecting
0:194  0:000  Loading UsbKbDxe.efi  status=Success
0:199  0:005   - driver needs connecting
0:199  0:000  Loading AptioMemoryFix.efi  status=Success
0:306  0:107  Loading VirtualSmc.efi  status=Success
0:417  0:110  5 drivers needs connecting ...
0:417  0:000  PlatformDriverOverrideProtocol not found. Installing ... Success
0:417  0:000  APFS driver loaded
0:417  0:000  Searching for invalid DiskIo BY_DRIVER connects: not found, all ok
5:014  4:596  === [ InitScreen ] ========================================
5:014  0:000  Console modes reported: 4, available modes:
5:014  0:000   - [01]: 80x25
5:014  0:000   - [02]: 80x50
5:014  0:000   - [03]: 100x31
5:014  0:000   - [04]: 240x56 (current mode)
5:014  0:000  SetScreenResolution: 1920x1080 - already set
5:014  0:000  reinit: self device path=PciRoot(0x0)\Pci(0x17,0x0)\Sata(0x0,0xFFFF,0x0)\HD(6,GPT,9DEBFC20-38BC-01D5-108E-55445E9CEA00,0x1DC8E800,0x64000)
5:017  0:003  Using embedded font: Success
5:018  0:000  === [ GetMacAddress ] =====================================
5:018  0:000  MAC address of LAN #0= 50:9A:4C:1B:18:9E:
5:018  0:000  === [ ScanSPD ] ===========================================
5:018  0:000  Scanning SMBus [8086:A123], mmio: 0xDF22A004, ioport: 0xF040, hostc: 0x11
5:036  0:018  Slot: 0 Type 26 8192MB 2400MHz Vendor=SK Hynix PartNo=HMA81GU6AFR8N-UH SerialNo=0302070A0C0D030E
5:037  0:001  === [ GetAcpiTablesList ] =================================
5:040  0:003  Get Acpi Tables List from RSDT:
5:040  0:000   - [00]: FACP  CBX3    len=132
5:040  0:000   - [01]: APIC  CBX3    len=132
5:040  0:000   - [02]: FPDT  CBX3    len=68
5:040  0:000   - [03]: FIDT  CBX3    len=172
5:040  0:000   - [04]: MCFG  CBX3    len=60
5:040  0:000   - [05]: HPET  CBX3    len=56
5:040  0:000   - [06]: BOOT  CBX3     len=40
5:040  0:000   - [07]: SSDT  SaSsdt  len=12633
5:040  0:000   - [08]: SSDT  PegSsdt len=9625
5:040  0:000   - [09]: UEFI   len=66
5:040  0:000   - [10]: MSDM  CBX3    len=85
5:040  0:000   - [11]: HPET  SKL len=56
5:040  0:000   - [12]: SSDT  Ther_Rvp len=3557
5:040  0:000   - [13]: SSDT  DELL_SFF len=2249
5:040  0:000   - [14]: SLIC  CBX3    len=374
5:040  0:000   - [15]: SSDT  CpuSsdt len=3806
5:040  0:000   - [16]: LPIT  SKL len=148
5:040  0:000   - [17]: WSMT  CBX3    len=40
5:040  0:000   - [18]: SSDT  HdaDsp len=321
5:040  0:000   - [19]: SSDT  sensrhub len=671
5:040  0:000   - [20]: SSDT  PtidDevc len=12290
5:040  0:000   - [21]: SSDT  TbtTypeC len=533
5:040  0:000   - [22]: DBGP   len=52
5:040  0:000   - [23]: DBG2   len=84
5:040  0:000   - [24]: BGRT   len=56
5:040  0:000   - [25]: DMAR  SKL  len=168
5:040  0:000   - [26]: TPM2  Tpm2Tabl len=52
5:040  0:000   - [27]: ASF!   HCG len=160
5:040  0:000  Calibrated TSC Frequency = 2712385510 = 2712MHz
5:041  0:000  === [ GetUserSettings ] ===================================
5:041  0:000  Add 1 devices:
5:041  0:000  USB FixOwnership: yes
5:041  0:000  Dropping 1 tables:
5:041  0:000   - [00]: Drop table  signature="DMAR" (52414D44)
5:041  0:000           - set table: 52414D44,                0 to drop: yes
5:041  0:000   - final DSDT Fix mask=136610D5
5:041  0:000  PatchesDSDT: 13 requested
5:041  0:000   - [00]: (Add _SUN property for GIGE) lenToFind: 18, lenToReplace: 25, Target Bridge: <null string>
5:041  0:000    patch disabled at config
5:041  0:000   - [01]: (Rename GFX0 to IGPU) lenToFind: 4, lenToReplace: 4, Target Bridge: <null string>
5:041  0:000   - [02]: (Rename HDEF to AZAL) lenToFind: 4, lenToReplace: 4, Target Bridge: <null string>
5:041  0:000    patch disabled at config
5:041  0:000   - [03]: (Rename oem _DSM to ZDSM) lenToFind: 4, lenToReplace: 4, Target Bridge: <null string>
5:041  0:000   - [04]: (Rename HECI to IMEI) lenToFind: 4, lenToReplace: 4, Target Bridge: <null string>
5:041  0:000   - [05]: (Rename XHCI to XHC (USB)) lenToFind: 4, lenToReplace: 4, Target Bridge: <null string>
5:041  0:000   - [06]: (Rename XHC1 to XHC (USB)) lenToFind: 4, lenToReplace: 4, Target Bridge: <null string>
5:041  0:000   - [07]: (Rename H_EC to EC (USB Power)) lenToFind: 4, lenToReplace: 4, Target Bridge: <null string>
5:041  0:000   - [08]: (Rename ECDV to EC (USB Power)) lenToFind: 4, lenToReplace: 4, Target Bridge: <null string>
5:041  0:000   - [09]: (change EHC1 to EH01) lenToFind: 4, lenToReplace: 4, Target Bridge: <null string>
5:041  0:000   - [10]: (change EHC2 to EH02) lenToFind: 4, lenToReplace: 4, Target Bridge: <null string>
5:041  0:000   - [11]: (change EC0 to EC) lenToFind: 4, lenToReplace: 4, Target Bridge: <null string>
5:041  0:000   - [12]: (change HDAS to HDEF) lenToFind: 4, lenToReplace: 4, Target Bridge: <null string>
5:041  0:000  EnableC7: no
5:041  0:000  PluginType: 1
5:041  0:000  Using ProductName from config: iMac17,1
5:041  0:000  Using latest BiosVersion from clover
5:041  0:000  BiosVersion: IM171.88Z.F000.B00.1906171551
5:041  0:000  BiosReleaseDate: 06/17/2019
5:041  0:000  Using latest EfiVersion from clover: 170.0.0.0.0
5:041  0:000  Using FirmwareFeatures from config: 0xFC0FE137
5:041  0:000  Using FirmwareFeaturesMask from config: 0xFF1FFF3F
5:041  0:000  Board-ID set from config as Mac-B809C3757DA9BB8D
5:041  0:000  BoardType: 0xA
5:041  0:000  ChassisType: 0x9
5:044  0:003  === [ Found DSDT tables ] =================================
5:122  0:078  === [ ScanVolumes ] =======================================
5:122  0:000  Found 13 volumes with blockIO
5:122  0:000  - [00]: Volume: PciRoot(0x0)\Pci(0x14,0x0)\USB(0x7,0x0)
5:122  0:000          USB volume
5:122  0:000  - [01]: Volume: PciRoot(0x0)\Pci(0x17,0x0)\Sata(0x0,0xFFFF,0x0)
5:123  0:000  - [02]: Volume: PciRoot(0x0)\Pci(0x17,0x0)\Sata(0x1,0xFFFF,0x0)
5:123  0:000          Found optical drive
5:123  0:000  - [03]: Volume: PciRoot(0x0)\Pci(0x17,0x0)\Sata(0x0,0xFFFF,0x0)\HD(1,GPT,0000000F-9850-8895-BF38-D5011E000000,0x3F,0x32F8E)
5:123  0:000          Result of bootcode detection: bootable unknown (legacy)
5:128  0:004  - [04]: Volume: PciRoot(0x0)\Pci(0x17,0x0)\Sata(0x0,0xFFFF,0x0)\HD(2,GPT,0000001F-0950-8898-BC38-D7013E000000,0x33000,0x1B77000)
5:129  0:000          Result of bootcode detection: bootable Windows (vista,win)
5:129  0:000          hiding this volume
5:129  0:000  - [05]: Volume: PciRoot(0x0)\Pci(0x17,0x0)\Sata(0x0,0xFFFF,0x0)\HD(3,GPT,89BEE440-38BC-01D5-2062-4E445E9CEA00,0x1BAA000,0xF948800)
5:129  0:000          Result of bootcode detection: bootable Windows (vista,win)
5:129  0:000          hiding this volume
5:129  0:000  - [06]: Volume: PciRoot(0x0)\Pci(0x17,0x0)\Sata(0x0,0xFFFF,0x0)\HD(4,GPT,0000006D-F030-88A3-BC38-DF11DA000000,0x114F3000,0x65F3800)
5:130  0:000          Result of bootcode detection: bootable Windows (vista,win)
5:130  0:000          hiding this volume
5:130  0:000  - [07]: Volume: PciRoot(0x0)\Pci(0x17,0x0)\Sata(0x0,0xFFFF,0x0)\HD(5,GPT,8C04BD51-F206-4B77-9BEC-039A53A53BBF,0x17AE6800,0x61A8000)
5:130  0:000          Result of bootcode detection: bootable unknown (legacy)
5:130  0:000          hiding this volume
5:130  0:000  - [08]: Volume: PciRoot(0x0)\Pci(0x17,0x0)\Sata(0x0,0xFFFF,0x0)\HD(6,GPT,9DEBFC20-38BC-01D5-108E-55445E9CEA00,0x1DC8E800,0x64000)
5:131  0:000          Result of bootcode detection: bootable Windows (win)
5:133  0:001          This is SelfVolume !!
5:133  0:000  - [09]: Volume: PciRoot(0x0)\Pci(0x17,0x0)\Sata(0x0,0xFFFF,0x0)\HD(5,GPT,8C04BD51-F206-4B77-9BEC-039A53A53BBF,0x17AE6800,0x61A8000)\VenMedia(BE74FCF7-0B7C-49F3-9147-01F4042E6842,69F33A550D8A604EAF883DAC5CA3BFF4)
5:133  0:000          hiding this volume
5:133  0:000  - [10]: Volume: PciRoot(0x0)\Pci(0x17,0x0)\Sata(0x0,0xFFFF,0x0)\HD(5,GPT,8C04BD51-F206-4B77-9BEC-039A53A53BBF,0x17AE6800,0x61A8000)\VenMedia(BE74FCF7-0B7C-49F3-9147-01F4042E6842,C4BE313367416743A0C1A908AC3843A3)
5:133  0:000  - [11]: Volume: PciRoot(0x0)\Pci(0x17,0x0)\Sata(0x0,0xFFFF,0x0)\HD(5,GPT,8C04BD51-F206-4B77-9BEC-039A53A53BBF,0x17AE6800,0x61A8000)\VenMedia(BE74FCF7-0B7C-49F3-9147-01F4042E6842,067571DED014244BABF4F4D29A375C3B)
5:133  0:000          hiding this volume
5:133  0:000  - [12]: Volume: PciRoot(0x0)\Pci(0x17,0x0)\Sata(0x0,0xFFFF,0x0)\HD(5,GPT,8C04BD51-F206-4B77-9BEC-039A53A53BBF,0x17AE6800,0x61A8000)\VenMedia(BE74FCF7-0B7C-49F3-9147-01F4042E6842,3550F9A3D649AC43A83A89FD74EDB8CA)
5:133  0:000  found 2 handles with audio
5:133  0:000  No AudioIoDevice stored
5:133  0:000  no stored audio parameters
5:133  0:000  === [ InitTheme ] =========================================
5:133  0:000  use daylight theme
5:139  0:006  Using theme 'Mojave' (EFI\CLOVER\themes\Mojave)
5:139  0:000  OS main and drive as badge
5:143  0:003    Channels: 1  Sample rate: 44100 Hz  Bits: 16
5:143  0:000  output to channel 0 with volume 70, len=228736
5:143  0:000   sound channels=1 bits=16 freq=44100
5:143  0:000  not found AudioIo to play
5:143  0:000  free sound
5:143  0:000  sound play end with status=Not Found
5:147  0:003  Loading font from ThemeDir: Success
5:147  0:000  theme inited
5:147  0:000  Chosen theme Mojave
5:147  0:000  found boot-args in NVRAM:, size=1
5:147  0:000  after NVRAM boot-args=darkwake=0 alcid=13 -ath9565 igfxframe=0x19120000
5:147  0:000  === [ Dump SMC keys from NVRAM ] ==========================
5:147  0:000  found AppleSMC protocol
5:162  0:015  === [ ScanLoader ] ========================================
5:162  0:000  - [03]: ''
5:273  0:110  - [08]: 'EFI'
5:284  0:011          AddLoaderEntry for Volume Name=EFI
5:393  0:108          AddLoaderEntry for Volume Name=EFI
5:393  0:000          skipped because entry is hidden
5:393  0:000  - [09]: 'Preboot', hidden
5:393  0:000  - [10]: 'Macintosh HD'
5:418  0:024          AddLoaderEntry for Volume Name=Macintosh HD
5:424  0:006      Check if volume Is Hibernated:
5:424  0:000      Check sleep image 'by signature':
5:437  0:013      read prefs \Library\Preferences\com.apple.PowerManagement.plist status=Success
5:437  0:000      using default sleep image name = \private\var\vm\sleepimage
5:446  0:009      sleepimage not found -> Not Found
5:446  0:000      hibernated: no - sign
5:532  0:085  - [11]: 'Recovery', hidden
5:532  0:000  - [12]: 'VM'
5:608  0:076  === [ AddCustomTool ] =====================================
5:612  0:003  found tool \EFI\CLOVER\tools\Shell64U.efi
5:612  0:000  Checking EFI partition Volume 8 for Clover
5:615  0:003   Found Clover
5:627  0:011  === [ GetEfiBootDeviceFromNvram ] =========================
5:627  0:000   - efi-boot-device-data: PciRoot(0x0)\Pci(0x17,0x0)\Sata(0x0,0xFFFF,0x0)\HD(5,GPT,8C04BD51-F206-4B77-9BEC-039A53A53BBF,0x17AE6800,0x61A8000)\VenMedia(BE74FCF7-0B7C-49F3-9147-01F4042E6842,C4BE313367416743A0C1A908AC3843A3)
5:627  0:000    - Volume: 'PciRoot(0x0)\Pci(0x17,0x0)\Sata(0x0,0xFFFF,0x0)\HD(5,GPT,8C04BD51-F206-4B77-9BEC-039A53A53BBF,0x17AE6800,0x61A8000)\VenMedia(BE74FCF7-0B7C-49F3-9147-01F4042E6842,C4BE313367416743A0C1A908AC3843A3)'
5:627  0:000    - LoaderPath: '<null string>'
5:627  0:000    - Guid = 8C04BD51-F206-4B77-9BEC-039A53A53BBF
5:627  0:000  === [ FindStartupDiskVolume ] =============================
5:627  0:000    - Volume: partition = PciRoot(0x0)\Pci(0x17,0x0)\Sata(0x0,0xFFFF,0x0)\HD(5,GPT,8C04BD51-F206-4B77-9BEC-039A53A53BBF,0x17AE6800,0x61A8000)\VenMedia(BE74FCF7-0B7C-49F3-9147-01F4042E6842,C4BE313367416743A0C1A908AC3843A3)
5:627  0:000     - searching for that partition
5:627  0:000      - found entry 1. 'Boot macOS from Macintosh HD', Volume 'Macintosh HD'
5:627  0:000  Boot redirected to Entry 1. 'Boot macOS from Macintosh HD'
5:627  0:000  DefaultIndex=1 and MainMenu.EntryCount=8
5:939  0:311  GUI ready
8:268  2:328  exit from MainMenu 7
49:514  41:246  Found BIOS RSDP at F0040
49:514  0:000  Printing ACPI tables from RSDP F0040 ...
49:514  0:000   F0040: 'RSD PTR ', Rev: 2 (Acpi 2.0 or newer), Len: 36
49:514  0:000    (Xsdt: 8B6CD0C0, Rsdt: 8B6CD028)
49:514  0:000    8B6CD0C0: 'XSDT', 'CBX3', Rev: 1, Len: 260
49:514  0:000    8B6CD028: 'RSDT', 'CBX3', Rev: 1, Len: 148
49:514  0:000    Tables in Xsdt: 28
49:514  0:000    0. 8B6F4470: 'FACP', 'CBX3', Rev: 5, Len: 268
49:514  0:000        (Dsdt: 8B6CD258, Facs: 8C01CD80, XDsdt: 8B6CD258, XFacs: 0)
49:514  0:000        8B6CD258: 'DSDT', 'CBX3', Rev: 2, Len: 160277
49:517  0:002        8C01CD80: 'FACS', Ver: 2, Len: 64
49:517  0:000    1. 8B6F4580: 'APIC', 'CBX3', Rev: 3, Len: 132
49:517  0:000    2. 8B6F4608: 'FPDT', 'CBX3', Rev: 1, Len: 68
49:517  0:000    3. 8B6F4650: 'FIDT', 'CBX3', Rev: 1, Len: 172
49:517  0:000    4. 8B6F4700: 'MCFG', 'CBX3', Rev: 1, Len: 60
49:517  0:000    5. 8B6F4740: 'HPET', 'CBX3', Rev: 1, Len: 56
49:517  0:000    6. 8B6F4778: 'BOOT', 'CBX3', Rev: 1, Len: 40
49:517  0:000    7. 8B6F47A0: 'SSDT', 'SaSsdt', Rev: 2, Len: 12633
49:517  0:000    8. 8B6F7900: 'SSDT', 'PegSsdt', Rev: 2, Len: 9625
49:517  0:000    9. 8B6F9EA0: 'UEFI', '', Rev: 1, Len: 66
49:517  0:000    10. 8B6F9EE8: 'MSDM', 'CBX3', Rev: 3, Len: 85
49:517  0:000    11. 8B6F9F40: 'HPET', 'SKL', Rev: 1, Len: 56
49:517  0:000    12. 8B6F9F78: 'SSDT', 'Ther_Rvp', Rev: 2, Len: 3557
49:517  0:000    13. 8B6FAD60: 'SSDT', 'DELL_SFF', Rev: 2, Len: 2249
49:517  0:000    14. 8B6FB630: 'SLIC', 'CBX3', Rev: 3, Len: 374
49:517  0:000    15. 8B6FB7A8: 'SSDT', 'CpuSsdt', Rev: 2, Len: 3806
49:517  0:000    16. 8B6FC688: 'LPIT', 'SKL', Rev: 1, Len: 148
49:517  0:000    17. 8B6FC720: 'WSMT', 'CBX3', Rev: 1, Len: 40
49:517  0:000    18. 8B6FC748: 'SSDT', 'HdaDsp', Rev: 2, Len: 321
49:517  0:000    19. 8B6FC890: 'SSDT', 'sensrhub', Rev: 2, Len: 671
49:517  0:000    20. 8B6FCB30: 'SSDT', 'PtidDevc', Rev: 2, Len: 12290
49:517  0:000    21. 8B6FFB38: 'SSDT', 'TbtTypeC', Rev: 2, Len: 533
49:517  0:000    22. 8B6FFD50: 'DBGP', '', Rev: 1, Len: 52
49:517  0:000    23. 8B6FFD88: 'DBG2', '', Rev: 0, Len: 84
49:517  0:000    24. 8B6FFDE0: 'BGRT', '', Rev: 0, Len: 56
49:517  0:000    25. 8B6FFE18: 'DMAR', 'SKL', Rev: 1, Len: 168
49:517  0:000    26. 8B6FFEC0: 'TPM2', 'Tpm2Tabl', Rev: 3, Len: 52
49:517  0:000    27. 8B6FFEF8: 'ASF!', ' HCG', Rev: 32, Len: 160
49:517  0:000    Tables in Rsdt: 28
49:517  0:000    0. 8B6CD1D0: 'FACP', 'CBX3', Rev: 2, Len: 132
49:517  0:000        (Dsdt: 8B6CD258, Facs: 8C01CD40)
49:517  0:000        8B6CD258: 'DSDT', 'CBX3', Rev: 2, Len: 160277
49:520  0:002        8C01CD40: 'FACS', Ver: 0, Len: 64
49:520  0:000    1. 8B6F4580: 'APIC', 'CBX3', Rev: 3, Len: 132
49:520  0:000    2. 8B6F4608: 'FPDT', 'CBX3', Rev: 1, Len: 68
49:520  0:000    3. 8B6F4650: 'FIDT', 'CBX3', Rev: 1, Len: 172
49:520  0:000    4. 8B6F4700: 'MCFG', 'CBX3', Rev: 1, Len: 60
49:520  0:000    5. 8B6F4740: 'HPET', 'CBX3', Rev: 1, Len: 56
49:520  0:000    6. 8B6F4778: 'BOOT', 'CBX3', Rev: 1, Len: 40
49:520  0:000    7. 8B6F47A0: 'SSDT', 'SaSsdt', Rev: 2, Len: 12633
49:520  0:000    8. 8B6F7900: 'SSDT', 'PegSsdt', Rev: 2, Len: 9625
49:520  0:000    9. 8B6F9EA0: 'UEFI', '', Rev: 1, Len: 66
49:520  0:000    10. 8B6F9EE8: 'MSDM', 'CBX3', Rev: 3, Len: 85
49:520  0:000    11. 8B6F9F40: 'HPET', 'SKL', Rev: 1, Len: 56
49:520  0:000    12. 8B6F9F78: 'SSDT', 'Ther_Rvp', Rev: 2, Len: 3557
49:520  0:000    13. 8B6FAD60: 'SSDT', 'DELL_SFF', Rev: 2, Len: 2249
49:520  0:000    14. 8B6FB630: 'SLIC', 'CBX3', Rev: 3, Len: 374
49:520  0:000    15. 8B6FB7A8: 'SSDT', 'CpuSsdt', Rev: 2, Len: 3806
49:520  0:000    16. 8B6FC688: 'LPIT', 'SKL', Rev: 1, Len: 148
49:520  0:000    17. 8B6FC720: 'WSMT', 'CBX3', Rev: 1, Len: 40
49:520  0:000    18. 8B6FC748: 'SSDT', 'HdaDsp', Rev: 2, Len: 321
49:520  0:000    19. 8B6FC890: 'SSDT', 'sensrhub', Rev: 2, Len: 671
49:520  0:000    20. 8B6FCB30: 'SSDT', 'PtidDevc', Rev: 2, Len: 12290
49:520  0:000    21. 8B6FFB38: 'SSDT', 'TbtTypeC', Rev: 2, Len: 533
49:520  0:000    22. 8B6FFD50: 'DBGP', '', Rev: 1, Len: 52
49:520  0:000    23. 8B6FFD88: 'DBG2', '', Rev: 0, Len: 84
49:520  0:000    24. 8B6FFDE0: 'BGRT', '', Rev: 0, Len: 56
49:520  0:000    25. 8B6FFE18: 'DMAR', 'SKL', Rev: 1, Len: 168
49:520  0:000    26. 8B6FFEC0: 'TPM2', 'Tpm2Tabl', Rev: 3, Len: 52
49:520  0:000    27. 8B6FFEF8: 'ASF!', ' HCG', Rev: 32, Len: 160
49:520  0:000  Found UEFI Acpi 2.0 RSDP at 8B6CD000
49:520  0:000  Saving ACPI tables from RSDP 8B6CD000 to EFI\CLOVER\ACPI\origin ...
49:520  0:000   8B6CD000: 'RSD PTR ', Rev: 2 (Acpi 2.0 or newer), Len: 36 -> RSDP.aml
49:551  0:031    (Xsdt: 8B6CD0C0, Rsdt: 8B6CD028)
49:551  0:000    8B6CD0C0: 'XSDT', 'CBX3', Rev: 1, Len: 260 -> XSDT.aml
49:572  0:020    8B6CD028: 'RSDT', 'CBX3', Rev: 1, Len: 148 -> RSDT.aml
49:592  0:020    Tables in Xsdt: 28
49:592  0:000    0. 8B6F4470: 'FACP', 'CBX3', Rev: 5, Len: 268 -> FACP.aml
49:613  0:020        (Dsdt: 8B6CD258, Facs: 8C01CD80, XDsdt: 8B6CD258, XFacs: 0)
49:613  0:000        8B6CD258: 'DSDT', 'CBX3', Rev: 2, Len: 160277 -> DSDT.aml
49:640  0:027        8C01CD80: 'FACS', Ver: 2, Len: 64 -> FACS.aml
49:661  0:020    1. 8B6F4580: 'APIC', 'CBX3', Rev: 3, Len: 132 -> APIC.aml
49:681  0:020    2. 8B6F4608: 'FPDT', 'CBX3', Rev: 1, Len: 68 -> FPDT.aml
49:702  0:020    3. 8B6F4650: 'FIDT', 'CBX3', Rev: 1, Len: 172 -> FIDT.aml
49:723  0:020    4. 8B6F4700: 'MCFG', 'CBX3', Rev: 1, Len: 60 -> MCFG.aml
49:743  0:020    5. 8B6F4740: 'HPET', 'CBX3', Rev: 1, Len: 56 -> HPET.aml
49:764  0:020    6. 8B6F4778: 'BOOT', 'CBX3', Rev: 1, Len: 40 -> BOOT.aml
49:785  0:020    7. 8B6F47A0: 'SSDT', 'SaSsdt', Rev: 2, Len: 12633 -> SSDT-0-SaSsdt.aml
49:810  0:025    8. 8B6F7900: 'SSDT', 'PegSsdt', Rev: 2, Len: 9625 -> SSDT-1-PegSsdt.aml
49:834  0:024    9. 8B6F9EA0: 'UEFI', '', Rev: 1, Len: 66 -> UEFI.aml
49:854  0:020    10. 8B6F9EE8: 'MSDM', 'CBX3', Rev: 3, Len: 85 -> MSDM.aml
49:874  0:020    11. 8B6F9F40: 'HPET', 'SKL', Rev: 1, Len: 56 -> HPET.aml
49:895  0:020    12. 8B6F9F78: 'SSDT', 'Ther_Rvp', Rev: 2, Len: 3557 -> SSDT-2-Ther_Rvp.aml
49:916  0:021    13. 8B6FAD60: 'SSDT', 'DELL_SFF', Rev: 2, Len: 2249 -> SSDT-3-DELL_SFF.aml
49:937  0:021    14. 8B6FB630: 'SLIC', 'CBX3', Rev: 3, Len: 374 -> SLIC.aml
49:958  0:020    15. 8B6FB7A8: 'SSDT', 'CpuSsdt', Rev: 2, Len: 3806 -> SSDT-4-CpuSsdt.aml (Found hidden SSDT 7 pcs)
49:979  0:021        * 8B590318: 'SSDT', 'Cpu0Ist', Rev: 2, Len: 1584  53 53 44 54 30 06 00 00 02 D7 50 6D 52 65 66 00 Internal length = 1584 -> SSDT-x4_0-Cpu0Ist.aml
50:003  0:024        * 8B513298: 'SSDT', 'ApIst', Rev: 2, Len: 1628  53 53 44 54 5C 06 00 00 02 AF 50 6D 52 65 66 00 Internal length = 1628 -> SSDT-x4_1-ApIst.aml
50:024  0:020        * 8B512018: 'SSDT', 'Cpu0Cst', Rev: 2, Len: 1023  53 53 44 54 FF 03 00 00 02 AF 50 6D 52 65 66 00 Internal length = 1023 -> SSDT-x4_2-Cpu0Cst.aml
50:044  0:020        * 8B512D18: 'SSDT', 'ApCst', Rev: 2, Len: 394  53 53 44 54 8A 01 00 00 02 39 50 6D 52 65 66 00 Internal length = 394 -> SSDT-x4_3-ApCst.aml
50:064  0:020        * 8B590998: 'SSDT', 'Cpu0Hwp', Rev: 2, Len: 277  53 53 44 54 15 01 00 00 02 AE 50 6D 52 65 66 00 Internal length = 277 -> SSDT-x4_4-Cpu0Hwp.aml
50:084  0:020        * 8B513D18: 'SSDT', 'ApHwp', Rev: 2, Len: 407  53 53 44 54 97 01 00 00 02 F1 50 6D 52 65 66 00 Internal length = 407 -> SSDT-x4_5-ApHwp.aml
50:108  0:023        * 8B513018: 'SSDT', 'HwpLvt', Rev: 2, Len: 420  53 53 44 54 A4 01 00 00 02 3C 50 6D 52 65 66 00 Internal length = 420 -> SSDT-x4_6-HwpLvt.aml
50:128  0:020  
50:128  0:000    16. 8B6FC688: 'LPIT', 'SKL', Rev: 1, Len: 148 -> LPIT.aml
50:148  0:020    17. 8B6FC720: 'WSMT', 'CBX3', Rev: 1, Len: 40 -> WSMT.aml
50:168  0:019    18. 8B6FC748: 'SSDT', 'HdaDsp', Rev: 2, Len: 321 -> SSDT-5-HdaDsp.aml
50:188  0:020    19. 8B6FC890: 'SSDT', 'sensrhub', Rev: 2, Len: 671 -> SSDT-6-sensrhub.aml
50:208  0:019    20. 8B6FCB30: 'SSDT', 'PtidDevc', Rev: 2, Len: 12290 -> SSDT-7-PtidDevc.aml
50:229  0:020    21. 8B6FFB38: 'SSDT', 'TbtTypeC', Rev: 2, Len: 533 -> SSDT-8-TbtTypeC.aml
50:252  0:023    22. 8B6FFD50: 'DBGP', '', Rev: 1, Len: 52 -> DBGP.aml
50:273  0:020    23. 8B6FFD88: 'DBG2', '', Rev: 0, Len: 84 -> DBG2.aml
50:293  0:020    24. 8B6FFDE0: 'BGRT', '', Rev: 0, Len: 56 -> BGRT.aml
50:313  0:020    25. 8B6FFE18: 'DMAR', 'SKL', Rev: 1, Len: 168 -> DMAR.aml
50:334  0:020    26. 8B6FFEC0: 'TPM2', 'Tpm2Tabl', Rev: 3, Len: 52 -> TPM2.aml
50:354  0:020    27. 8B6FFEF8: 'ASF!', ' HCG', Rev: 32, Len: 160 -> ASF!.aml
50:377  0:023    Tables in Rsdt: 28
50:377  0:000    0. 8B6CD1D0: 'FACP', 'CBX3', Rev: 2, Len: 132 -> RSDT-FACP.aml
50:397  0:020        (Dsdt: 8B6CD258, Facs: 8C01CD40)
50:397  0:000        8B6CD258: 'DSDT', 'CBX3', Rev: 2, Len: 160277
50:400  0:002        8C01CD40: 'FACS', Ver: 0, Len: 64 -> RSDT-FACS.aml
50:421  0:021    1. 8B6F4580: 'APIC', 'CBX3', Rev: 3, Len: 132
50:421  0:000    2. 8B6F4608: 'FPDT', 'CBX3', Rev: 1, Len: 68
50:421  0:000    3. 8B6F4650: 'FIDT', 'CBX3', Rev: 1, Len: 172
50:421  0:000    4. 8B6F4700: 'MCFG', 'CBX3', Rev: 1, Len: 60
50:421  0:000    5. 8B6F4740: 'HPET', 'CBX3', Rev: 1, Len: 56
50:421  0:000    6. 8B6F4778: 'BOOT', 'CBX3', Rev: 1, Len: 40
50:421  0:000    7. 8B6F47A0: 'SSDT', 'SaSsdt', Rev: 2, Len: 12633
50:421  0:000    8. 8B6F7900: 'SSDT', 'PegSsdt', Rev: 2, Len: 9625
50:421  0:000    9. 8B6F9EA0: 'UEFI', '', Rev: 1, Len: 66
50:421  0:000    10. 8B6F9EE8: 'MSDM', 'CBX3', Rev: 3, Len: 85
50:421  0:000    11. 8B6F9F40: 'HPET', 'SKL', Rev: 1, Len: 56
50:421  0:000    12. 8B6F9F78: 'SSDT', 'Ther_Rvp', Rev: 2, Len: 3557
50:421  0:000    13. 8B6FAD60: 'SSDT', 'DELL_SFF', Rev: 2, Len: 2249
50:421  0:000    14. 8B6FB630: 'SLIC', 'CBX3', Rev: 3, Len: 374
50:421  0:000    15. 8B6FB7A8: 'SSDT', 'CpuSsdt', Rev: 2, Len: 3806
50:421  0:000    16. 8B6FC688: 'LPIT', 'SKL', Rev: 1, Len: 148
50:421  0:000    17. 8B6FC720: 'WSMT', 'CBX3', Rev: 1, Len: 40
50:421  0:000    18. 8B6FC748: 'SSDT', 'HdaDsp', Rev: 2, Len: 321
50:421  0:000    19. 8B6FC890: 'SSDT', 'sensrhub', Rev: 2, Len: 671
50:421  0:000    20. 8B6FCB30: 'SSDT', 'PtidDevc', Rev: 2, Len: 12290
50:421  0:000    21. 8B6FFB38: 'SSDT', 'TbtTypeC', Rev: 2, Len: 533
50:421  0:000    22. 8B6FFD50: 'DBGP', '', Rev: 1, Len: 52
50:421  0:000    23. 8B6FFD88: 'DBG2', '', Rev: 0, Len: 84
50:421  0:000    24. 8B6FFDE0: 'BGRT', '', Rev: 0, Len: 56
50:421  0:000    25. 8B6FFE18: 'DMAR', 'SKL', Rev: 1, Len: 168
50:421  0:000    26. 8B6FFEC0: 'TPM2', 'Tpm2Tabl', Rev: 3, Len: 52
50:421  0:000    27. 8B6FFEF8: 'ASF!', ' HCG', Rev: 32, Len: 160
50:421  0:000  Found UEFI Acpi 1.0 RSDP at 8B6CD000
50:421  0:000  Printing ACPI tables from RSDP 8B6CD000 ...
50:421  0:000   8B6CD000: 'RSD PTR ', Rev: 2 (Acpi 2.0 or newer), Len: 36
50:421  0:000    (Xsdt: 8B6CD0C0, Rsdt: 8B6CD028)
50:421  0:000    8B6CD0C0: 'XSDT', 'CBX3', Rev: 1, Len: 260
50:421  0:000    8B6CD028: 'RSDT', 'CBX3', Rev: 1, Len: 148
50:421  0:000    Tables in Xsdt: 28
50:421  0:000    0. 8B6F4470: 'FACP', 'CBX3', Rev: 5, Len: 268
50:421  0:000        (Dsdt: 8B6CD258, Facs: 8C01CD80, XDsdt: 8B6CD258, XFacs: 0)
50:421  0:000        8B6CD258: 'DSDT', 'CBX3', Rev: 2, Len: 160277
50:424  0:002        8C01CD80: 'FACS', Ver: 2, Len: 64
50:424  0:000    1. 8B6F4580: 'APIC', 'CBX3', Rev: 3, Len: 132
50:424  0:000    2. 8B6F4608: 'FPDT', 'CBX3', Rev: 1, Len: 68
50:424  0:000    3. 8B6F4650: 'FIDT', 'CBX3', Rev: 1, Len: 172
50:424  0:000    4. 8B6F4700: 'MCFG', 'CBX3', Rev: 1, Len: 60
50:424  0:000    5. 8B6F4740: 'HPET', 'CBX3', Rev: 1, Len: 56
50:424  0:000    6. 8B6F4778: 'BOOT', 'CBX3', Rev: 1, Len: 40
50:424  0:000    7. 8B6F47A0: 'SSDT', 'SaSsdt', Rev: 2, Len: 12633
50:424  0:000    8. 8B6F7900: 'SSDT', 'PegSsdt', Rev: 2, Len: 9625
50:424  0:000    9. 8B6F9EA0: 'UEFI', '', Rev: 1, Len: 66
50:424  0:000    10. 8B6F9EE8: 'MSDM', 'CBX3', Rev: 3, Len: 85
50:424  0:000    11. 8B6F9F40: 'HPET', 'SKL', Rev: 1, Len: 56
50:424  0:000    12. 8B6F9F78: 'SSDT', 'Ther_Rvp', Rev: 2, Len: 3557
50:424  0:000    13. 8B6FAD60: 'SSDT', 'DELL_SFF', Rev: 2, Len: 2249
50:424  0:000    14. 8B6FB630: 'SLIC', 'CBX3', Rev: 3, Len: 374
50:424  0:000    15. 8B6FB7A8: 'SSDT', 'CpuSsdt', Rev: 2, Len: 3806
50:424  0:000    16. 8B6FC688: 'LPIT', 'SKL', Rev: 1, Len: 148
50:424  0:000    17. 8B6FC720: 'WSMT', 'CBX3', Rev: 1, Len: 40
50:424  0:000    18. 8B6FC748: 'SSDT', 'HdaDsp', Rev: 2, Len: 321
50:424  0:000    19. 8B6FC890: 'SSDT', 'sensrhub', Rev: 2, Len: 671
50:424  0:000    20. 8B6FCB30: 'SSDT', 'PtidDevc', Rev: 2, Len: 12290
50:424  0:000    21. 8B6FFB38: 'SSDT', 'TbtTypeC', Rev: 2, Len: 533
50:424  0:000    22. 8B6FFD50: 'DBGP', '', Rev: 1, Len: 52
50:424  0:000    23. 8B6FFD88: 'DBG2', '', Rev: 0, Len: 84
50:424  0:000    24. 8B6FFDE0: 'BGRT', '', Rev: 0, Len: 56
50:424  0:000    25. 8B6FFE18: 'DMAR', 'SKL', Rev: 1, Len: 168
50:424  0:000    26. 8B6FFEC0: 'TPM2', 'Tpm2Tabl', Rev: 3, Len: 52
50:424  0:000    27. 8B6FFEF8: 'ASF!', ' HCG', Rev: 32, Len: 160
50:424  0:000    Tables in Rsdt: 28
50:424  0:000    0. 8B6CD1D0: 'FACP', 'CBX3', Rev: 2, Len: 132
50:424  0:000        (Dsdt: 8B6CD258, Facs: 8C01CD40)
50:424  0:000        8B6CD258: 'DSDT', 'CBX3', Rev: 2, Len: 160277
50:427  0:002        8C01CD40: 'FACS', Ver: 0, Len: 64
50:427  0:000    1. 8B6F4580: 'APIC', 'CBX3', Rev: 3, Len: 132
50:427  0:000    2. 8B6F4608: 'FPDT', 'CBX3', Rev: 1, Len: 68
50:427  0:000    3. 8B6F4650: 'FIDT', 'CBX3', Rev: 1, Len: 172
50:427  0:000    4. 8B6F4700: 'MCFG', 'CBX3', Rev: 1, Len: 60
50:427  0:000    5. 8B6F4740: 'HPET', 'CBX3', Rev: 1, Len: 56
50:427  0:000    6. 8B6F4778: 'BOOT', 'CBX3', Rev: 1, Len: 40
50:427  0:000    7. 8B6F47A0: 'SSDT', 'SaSsdt', Rev: 2, Len: 12633
50:427  0:000    8. 8B6F7900: 'SSDT', 'PegSsdt', Rev: 2, Len: 9625
50:427  0:000    9. 8B6F9EA0: 'UEFI', '', Rev: 1, Len: 66
50:427  0:000    10. 8B6F9EE8: 'MSDM', 'CBX3', Rev: 3, Len: 85
50:427  0:000    11. 8B6F9F40: 'HPET', 'SKL', Rev: 1, Len: 56
50:427  0:000    12. 8B6F9F78: 'SSDT', 'Ther_Rvp', Rev: 2, Len: 3557
50:427  0:000    13. 8B6FAD60: 'SSDT', 'DELL_SFF', Rev: 2, Len: 2249
50:427  0:000    14. 8B6FB630: 'SLIC', 'CBX3', Rev: 3, Len: 374
50:427  0:000    15. 8B6FB7A8: 'SSDT', 'CpuSsdt', Rev: 2, Len: 3806
50:427  0:000    16. 8B6FC688: 'LPIT', 'SKL', Rev: 1, Len: 148
50:427  0:000    17. 8B6FC720: 'WSMT', 'CBX3', Rev: 1, Len: 40
50:427  0:000    18. 8B6FC748: 'SSDT', 'HdaDsp', Rev: 2, Len: 321
50:427  0:000    19. 8B6FC890: 'SSDT', 'sensrhub', Rev: 2, Len: 671
50:427  0:000    20. 8B6FCB30: 'SSDT', 'PtidDevc', Rev: 2, Len: 12290
50:427  0:000    21. 8B6FFB38: 'SSDT', 'TbtTypeC', Rev: 2, Len: 533
50:427  0:000    22. 8B6FFD50: 'DBGP', '', Rev: 1, Len: 52
50:427  0:000    23. 8B6FFD88: 'DBG2', '', Rev: 0, Len: 84
50:427  0:000    24. 8B6FFDE0: 'BGRT', '', Rev: 0, Len: 56
50:427  0:000    25. 8B6FFE18: 'DMAR', 'SKL', Rev: 1, Len: 168
50:427  0:000    26. 8B6FFEC0: 'TPM2', 'Tpm2Tabl', Rev: 3, Len: 52
50:427  0:000    27. 8B6FFEF8: 'ASF!', ' HCG', Rev: 32, Len: 160
50:453  0:025  exit from MainMenu 7
68:732  18:278  exit from MainMenu 1
68:732  0:000  ParseBootOption: invalid input params
68:732  0:000  BootVariable of the entry is empty
68:732  0:000  === [ StartLoader ] =======================================
68:732  0:000  Finally: ExternalClock=26MHz BusSpeed=100459kHz CPUFreq=2712MHz PIS: hw.busfrequency=104000000Hz
68:732  0:000  Loading boot.efi  status=Success
68:781  0:049  GetOSVersion: 10.14.6 (18G95)
68:781  0:000  CSR_CFG: CSR_ALLOW_UNTRUSTED_KEXTS | CSR_ALLOW_UNRESTRICTED_FS | CSR_ALLOW_TASK_FOR_PID | CSR_ALLOW_UNRESTRICTED_DTRACE | CSR_ALLOW_UNRESTRICTED_NVRAM | CSR_ALLOW_DEVICE_CONFIGURATION | CSR_ALLOW_ANY_RECOVERY_OS | CSR_ALLOW_UNAPPROVED_KEXTS
68:781  0:000  Filtering KextPatches:
68:781  0:000   - [00]: com.apple.iokit.IOUSBHostFamily (USB port limit patch #1/4 10.14.x modify by DalianSky (credit ydeng)) :: BinPatch :: [OS: 10.14.6 | MatchOS: 10.14.x | MatchBuild: All] ==> disabled by user
68:781  0:000   - [01]: com.apple.iokit.IOUSBHostFamily (USB port limit patch #2/4 10.14.x modify by DalianSky (credit PMHeart)) :: BinPatch :: [OS: 10.14.6 | MatchOS: 10.14.x | MatchBuild: All] ==> disabled by user
68:781  0:000   - [02]: com.apple.driver.usb.AppleUSBXHCI (USB Port limit patch #3/4 10.14.x modify by DalianSky (credit PMheart)) :: BinPatch :: [OS: 10.14.6 | MatchOS: 10.14.x | MatchBuild: All] ==> disabled by user
68:781  0:000   - [03]: com.apple.driver.usb.AppleUSBXHCI (USB Port limit patch #4/4 10.14.x modify by DalianSky (credit PMheart)) :: BinPatch :: [OS: 10.14.6 | MatchOS: 10.14.x | MatchBuild: All] ==> disabled by user
68:781  0:000  Filtering KernelPatches:
68:781  0:000   - [00]: Disable panic kext logging on 10.14.4 Release kernel :: [OS: 10.14.6 | MatchOS: All | MatchBuild: no] ==> allowed by OS
68:781  0:000   - [01]: Disable panic kext logging on 10.13 Release kernel :: [OS: 10.14.6 | MatchOS: 10.13 | MatchBuild: no] ==> disabled by user
68:781  0:000  Will not patch boot.efi
68:781  0:000  === [ PatchSmbios ] =======================================
68:781  0:000  insert table 9 for dev 0:0
68:781  0:000  insert table 9 for dev 0:0
68:781  0:000  Table 11 present, but rewritten for us
68:782  0:000  Trusting SMBIOS...
68:782  0:000  Channels: 1
68:782  0:000  Interleave: 0 1 2 3 4 5 6 7 8 9 10 11 12 13 14 15 16 17 18 19 20 21 22 23
68:782  0:000   partNum=HMA81GU6AFR8N-UH    
68:782  0:000  SMBIOS Type 17 Index = 0 => 0 0:
68:782  0:000  BANK 0 DIMM0 2400MHz 8192MB
68:782  0:000  SMBIOS Type 17 Index = 1 => 1 1:
68:782  0:000  BANK 0 DIMM1 EMPTY
68:782  0:000  mTotalSystemMemory = 8192
68:782  0:000  NumberOfMemoryDevices = 2
68:782  0:000  Type20[0]->End = 0x7FFFFF, Type17[0] = 0x2000
68:782  0:000  Table 131 is present, CPUType=31
68:782  0:000  Change to: 605
68:782  0:000  === [ PatchACPI ] =========================================
68:782  0:000  Xsdt reallocation done
68:782  0:000  old FADT length=10C
68:782  0:000   SignatureFixup: 0x91F4ABAA -> 0x0
68:782  0:000  Found OperationRegion(GNVS, SystemMemory, 8C014000, ...)
68:782  0:000  Found OperationRegion(EXBU, SystemMemory, 8C015000, ...)
68:782  0:000  Found OperationRegion(CPSB, SystemMemory, 8C01CF98, ...)
68:782  0:000  Found OperationRegion(PNVA, SystemMemory, 8C01C018, ...)
68:782  0:000  Found OperationRegion(THBA, SystemMemory, FE200000, ...)
68:784  0:001  Found OperationRegion(ITSS, SystemMemory, FDC43100, ...)
68:784  0:000  Found OperationRegion(ABNV, SystemMemory, 8C017000, ...)
68:784  0:000  Found OperationRegion(TMMB, SystemMemory, FED40000, ...)
68:784  0:000  Found OperationRegion(CRBD, SystemMemory, FED40000, ...)
68:784  0:000  Found OperationRegion(TPMR, SystemMemory, FED40040, ...)
68:784  0:000  Found OperationRegion(ATNV, SystemMemory, 8C01CC18, ...)
68:784  0:000  Found OperationRegion(WWPR, SystemMemory, 8C016000, ...)
68:786  0:002  Apply DsdtFixMask=0x136610D5
68:786  0:000     drop _DSM mask=0xFFFF
68:786  0:000  === [ FixBiosDsdt ] =======================================
68:786  0:000  Patching DSDT:
68:786  0:000   - [Add _SUN property for GIGE]: disabled
68:786  0:000   - [Rename GFX0 to IGPU]: pattern 47465830, patched at: [ (51) (12) (12) (12) (12) (12) (12) (12) (12) (12) (12) (12) (12) (12) (6A) (12) (355) (12) (50) (354B) (687B) (749D) (1B) (33C0) (14) (8B49) (154B) (6AAB) ]
68:787  0:000   - [Rename HDEF to AZAL]: disabled
68:787  0:000   - [Rename oem _DSM to ZDSM]: pattern 5F44534D, patched at: [ (3B1C) (DA8) (388) (388) (388) (388) (388) (388) (388) (388) (388) (388) (388) (388) (388) (388) (388) (388) (388) (388) (388) (388) (388) (388) (388) (1BFE) (7F) (29) (727) (10D) (6) (70A) (503) (11) (53) (22) (22) (33) (14) (24) (23B5) (D3) (D3) (D3) (D3) (D3) (BE) (BE) (CC) (104) (104) (2B2) (603) (F2D) (14A) (9B) (37) (EC) (38F9) (720) (6CA) (6CA) (6CA) (6E3) (6CA) (6CA) (6CA) (6E3) (6CA) (6CA) (6CA) (6CA) (6CA) (6CA) (6CA) (6CA) (6CA) (6CA) (6CA) (21B5) (1EAD) (257) (256) (256) (26C) (269) (26A) (26A) (52A) (950) (953) (953) (6E7) (1F0) (14D) (EB9) ]
68:787  0:000   - [Rename HECI to IMEI]: pattern 48454349, patched at: [ (112ED) ]
68:787  0:000   - [Rename XHCI to XHC (USB)]: pattern 58484349, patched at: [ (C8F3) ]
68:787  0:000   - [Rename XHC1 to XHC (USB)]: pattern 58484331, bin not found / already patched!
68:788  0:000   - [Rename H_EC to EC (USB Power)]: pattern 485F4543, patched at: [ (2D1) (23A) (C2EF) (10) (4E13) (1B) (15) (14) (106) (15) (25) (22) (15) (735) (16) (16) (33) (185) (9A) (A6F) (12) (F) (29) (12) (F) (E2A) (14) (13A) (14) (CD5A) (1F) (24) (25) (486F) (12) (10) (1D) (12) (10) (1B) (11) (1C) (11) (3C1) (516) ]
68:788  0:000   - [Rename ECDV to EC (USB Power)]: pattern 45434456, bin not found / already patched!
68:788  0:000   - [change EHC1 to EH01]: pattern 45484331, bin not found / already patched!
68:788  0:000   - [change EHC2 to EH02]: pattern 45484332, bin not found / already patched!
68:789  0:000   - [change EC0 to EC]: pattern 4543305F, bin not found / already patched!
68:789  0:000   - [change HDAS to HDEF]: pattern 48444153, patched at: [ (2E7) (12) (12) (B0ED) (15AD) (84) (D) (2B) (32) (4F) (6F) (C3) ]
68:789  0:000    0 replacements
68:790  0:001  found RTC Length not match, Maybe will cause CMOS reset, will patch it.
68:790  0:000  found RTC had IRQNoFlag will move -3 bytes
68:791  0:000  found PIC had IRQNoFlag will move -3 bytes
68:791  0:000  Start HPET Fix
68:794  0:002   deleting device CRT_
68:794  0:000   deleting device DVI_
68:795  0:000   deleting device SPKR
68:795  0:000   deleting device ECP_
68:796  0:000   deleting device LPT_
68:796  0:000   deleting device FDC0
68:797  0:000   deleting device ECP1
68:797  0:000   deleting device LPT1
68:799  0:001    indirect name=PNVB
68:799  0:000  OperationRegion (THBA...) corrected from 0x0 to addr=0xFE200000
68:799  0:000    indirect name=TPMM
68:799  0:000    indirect name=FTPM
68:799  0:000    indirect name=PPIM
68:799  0:000    indirect name=SMBA
68:799  0:000  OperationRegion (WWPR...) corrected from 0x0 to addr=0x8C016000
68:799  0:000  OperationRegion (WWPR...) corrected from 0x0 to addr=0x8C016000
68:799  0:000  OperationRegion (WWPR...) corrected from 0x0 to addr=0x8C016000
68:799  0:000  OperationRegion (WWPR...) corrected from 0x0 to addr=0x8C016000
68:799  0:000  OperationRegion (WWPR...) corrected from 0x0 to addr=0x8C016000
68:799  0:000  PreCleanup XSDT: count=28, length=260
68:800  0:000  PreCleanup XSDT, corrected XSDT: count=28, length=260
68:800  0:000  === [ ACPIPatchedAML ] ====================================
68:800  0:000  AutoMerge pass 1
68:800  0:000  Unsorted
68:800  0:000  Inserting SSDT-USBX.aml from EFI\CLOVER\ACPI\patched: ignore on pass 1
68:800  0:000  Inserting SSDT-UIAC.aml from EFI\CLOVER\ACPI\patched: ignore on pass 1
68:800  0:000  Inserting SSDT.aml from EFI\CLOVER\ACPI\patched: ignore on pass 1
68:800  0:000  Inserting SSDT-EC.aml from EFI\CLOVER\ACPI\patched: ignore on pass 1
68:800  0:000  === [ ACPIDropTables ] ====================================
68:800  0:000  Drop tables from XSDT, SIGN=DMAR TableID=SKL  Length=168
68:800  0:000   Table[25]: DMAR  SKL   168 dropped
68:800  0:000  Patching SSDT SaSsdt  Length=12633
68:800  0:000  0. [Add _SUN property for GIGE]: disabled
68:800  0:000  1. [Rename GFX0 to IGPU]: pattern 47465830, patched at: [ (2D) (20) (46) (2A0) (1C8A) (A3A) (1D) (6EC) ]
68:800  0:000  2. [Rename HDEF to AZAL]: disabled
68:800  0:000  3. [Rename oem _DSM to ZDSM]: pattern 5F44534D, patched at: [ (2C47) ]
68:800  0:000  4. [Rename HECI to IMEI]: pattern 48454349, bin not found / already patched!
68:800  0:000  5. [Rename XHCI to XHC (USB)]: pattern 58484349, bin not found / already patched!
68:800  0:000  6. [Rename XHC1 to XHC (USB)]: pattern 58484331, bin not found / already patched!
68:800  0:000  7. [Rename H_EC to EC (USB Power)]: pattern 485F4543, bin not found / already patched!
68:800  0:000  8. [Rename ECDV to EC (USB Power)]: pattern 45434456, bin not found / already patched!
68:800  0:000  9. [change EHC1 to EH01]: pattern 45484331, bin not found / already patched!
68:800  0:000  10. [change EHC2 to EH02]: pattern 45484332, bin not found / already patched!
68:800  0:000  11. [change EC0 to EC]: pattern 4543305F, bin not found / already patched!
68:800  0:000  12. [change HDAS to HDEF]: pattern 48444153, bin not found / already patched!
68:800  0:000    0 replacements
68:800  0:000  Found OperationRegion(SANV, SystemMemory, 8C01C298, ...)
68:800  0:000  Patching SSDT PegSsdt Length=9625
68:800  0:000  0. [Add _SUN property for GIGE]: disabled
68:800  0:000  1. [Rename GFX0 to IGPU]: pattern 47465830, bin not found / already patched!
68:800  0:000  2. [Rename HDEF to AZAL]: disabled
68:800  0:000  3. [Rename oem _DSM to ZDSM]: pattern 5F44534D, patched at: [ (44F) (34B) (345) ]
68:800  0:000  4. [Rename HECI to IMEI]: pattern 48454349, bin not found / already patched!
68:800  0:000  5. [Rename XHCI to XHC (USB)]: pattern 58484349, bin not found / already patched!
68:800  0:000  6. [Rename XHC1 to XHC (USB)]: pattern 58484331, bin not found / already patched!
68:800  0:000  7. [Rename H_EC to EC (USB Power)]: pattern 485F4543, bin not found / already patched!
68:800  0:000  8. [Rename ECDV to EC (USB Power)]: pattern 45434456, bin not found / already patched!
68:800  0:000  9. [change EHC1 to EH01]: pattern 45484331, bin not found / already patched!
68:800  0:000  10. [change EHC2 to EH02]: pattern 45484332, bin not found / already patched!
68:800  0:000  11. [change EC0 to EC]: pattern 4543305F, bin not found / already patched!
68:800  0:000  12. [change HDAS to HDEF]: pattern 48444153, bin not found / already patched!
68:800  0:000    0 replacements
68:800  0:000  Patching SSDT Ther_Rvp Length=3557
68:800  0:000  0. [Add _SUN property for GIGE]: disabled
68:800  0:000  1. [Rename GFX0 to IGPU]: pattern 47465830, bin not found / already patched!
68:800  0:000  2. [Rename HDEF to AZAL]: disabled
68:800  0:000  3. [Rename oem _DSM to ZDSM]: pattern 5F44534D, bin not found / already patched!
68:800  0:000  4. [Rename HECI to IMEI]: pattern 48454349, bin not found / already patched!
68:800  0:000  5. [Rename XHCI to XHC (USB)]: pattern 58484349, bin not found / already patched!
68:800  0:000  6. [Rename XHC1 to XHC (USB)]: pattern 58484331, bin not found / already patched!
68:800  0:000  7. [Rename H_EC to EC (USB Power)]: pattern 485F4543, patched at: [ (18E) (16) (16) (16) (16) (16) (16) (16) (4E4) (22) (18) (20) (18) (15) (15) (13) (251) (14) (14) (17D) (14) (14) (1A) (14) ]
68:800  0:000  8. [Rename ECDV to EC (USB Power)]: pattern 45434456, bin not found / already patched!
68:800  0:000  9. [change EHC1 to EH01]: pattern 45484331, bin not found / already patched!
68:800  0:000  10. [change EHC2 to EH02]: pattern 45484332, bin not found / already patched!
68:800  0:000  11. [change EC0 to EC]: pattern 4543305F, bin not found / already patched!
68:800  0:000  12. [change HDAS to HDEF]: pattern 48444153, bin not found / already patched!
68:800  0:000    0 replacements
68:800  0:000  Patching SSDT DELL_SFF Length=2249
68:800  0:000  0. [Add _SUN property for GIGE]: disabled
68:800  0:000  1. [Rename GFX0 to IGPU]: pattern 47465830, bin not found / already patched!
68:800  0:000  2. [Rename HDEF to AZAL]: disabled
68:800  0:000  3. [Rename oem _DSM to ZDSM]: pattern 5F44534D, bin not found / already patched!
68:800  0:000  4. [Rename HECI to IMEI]: pattern 48454349, bin not found / already patched!
68:800  0:000  5. [Rename XHCI to XHC (USB)]: pattern 58484349, bin not found / already patched!
68:800  0:000  6. [Rename XHC1 to XHC (USB)]: pattern 58484331, bin not found / already patched!
68:800  0:000  7. [Rename H_EC to EC (USB Power)]: pattern 485F4543, bin not found / already patched!
68:800  0:000  8. [Rename ECDV to EC (USB Power)]: pattern 45434456, bin not found / already patched!
68:800  0:000  9. [change EHC1 to EH01]: pattern 45484331, bin not found / already patched!
68:800  0:000  10. [change EHC2 to EH02]: pattern 45484332, bin not found / already patched!
68:800  0:000  11. [change EC0 to EC]: pattern 4543305F, bin not found / already patched!
68:800  0:000  12. [change HDAS to HDEF]: pattern 48444153, bin not found / already patched!
68:800  0:000    0 replacements
68:800  0:000  Patching SSDT CpuSsdt Length=3806
68:800  0:000  0. [Add _SUN property for GIGE]: disabled
68:800  0:000  1. [Rename GFX0 to IGPU]: pattern 47465830, bin not found / already patched!
68:800  0:000  2. [Rename HDEF to AZAL]: disabled
68:800  0:000  3. [Rename oem _DSM to ZDSM]: pattern 5F44534D, bin not found / already patched!
68:800  0:000  4. [Rename HECI to IMEI]: pattern 48454349, bin not found / already patched!
68:800  0:000  5. [Rename XHCI to XHC (USB)]: pattern 58484349, bin not found / already patched!
68:800  0:000  6. [Rename XHC1 to XHC (USB)]: pattern 58484331, bin not found / already patched!
68:800  0:000  7. [Rename H_EC to EC (USB Power)]: pattern 485F4543, bin not found / already patched!
68:800  0:000  8. [Rename ECDV to EC (USB Power)]: pattern 45434456, bin not found / already patched!
68:800  0:000  9. [change EHC1 to EH01]: pattern 45484331, bin not found / already patched!
68:800  0:000  10. [change EHC2 to EH02]: pattern 45484332, bin not found / already patched!
68:800  0:000  11. [change EC0 to EC]: pattern 4543305F, bin not found / already patched!
68:800  0:000  12. [change HDAS to HDEF]: pattern 48444153, bin not found / already patched!
68:800  0:000    0 replacements
68:800  0:000  Found OperationRegion(PNVS, SystemMemory, 85092000, ...)
68:800  0:000  Patching SSDT HdaDsp Length=321
68:800  0:000  0. [Add _SUN property for GIGE]: disabled
68:800  0:000  1. [Rename GFX0 to IGPU]: pattern 47465830, bin not found / already patched!
68:800  0:000  2. [Rename HDEF to AZAL]: disabled
68:800  0:000  3. [Rename oem _DSM to ZDSM]: pattern 5F44534D, bin not found / already patched!
68:800  0:000  4. [Rename HECI to IMEI]: pattern 48454349, bin not found / already patched!
68:800  0:000  5. [Rename XHCI to XHC (USB)]: pattern 58484349, bin not found / already patched!
68:800  0:000  6. [Rename XHC1 to XHC (USB)]: pattern 58484331, bin not found / already patched!
68:800  0:000  7. [Rename H_EC to EC (USB Power)]: pattern 485F4543, bin not found / already patched!
68:800  0:000  8. [Rename ECDV to EC (USB Power)]: pattern 45434456, bin not found / already patched!
68:800  0:000  9. [change EHC1 to EH01]: pattern 45484331, bin not found / already patched!
68:800  0:000  10. [change EHC2 to EH02]: pattern 45484332, bin not found / already patched!
68:800  0:000  11. [change EC0 to EC]: pattern 4543305F, bin not found / already patched!
68:800  0:000  12. [change HDAS to HDEF]: pattern 48444153, patched at: [ (20) (48) ]
68:800  0:000    0 replacements
68:800  0:000  Patching SSDT sensrhub Length=671
68:800  0:000  0. [Add _SUN property for GIGE]: disabled
68:800  0:000  1. [Rename GFX0 to IGPU]: pattern 47465830, bin not found / already patched!
68:800  0:000  2. [Rename HDEF to AZAL]: disabled
68:800  0:000  3. [Rename oem _DSM to ZDSM]: pattern 5F44534D, patched at: [ (A5) ]
68:800  0:000  4. [Rename HECI to IMEI]: pattern 48454349, bin not found / already patched!
68:800  0:000  5. [Rename XHCI to XHC (USB)]: pattern 58484349, bin not found / already patched!
68:800  0:000  6. [Rename XHC1 to XHC (USB)]: pattern 58484331, bin not found / already patched!
68:800  0:000  7. [Rename H_EC to EC (USB Power)]: pattern 485F4543, bin not found / already patched!
68:800  0:000  8. [Rename ECDV to EC (USB Power)]: pattern 45434456, bin not found / already patched!
68:800  0:000  9. [change EHC1 to EH01]: pattern 45484331, bin not found / already patched!
68:800  0:000  10. [change EHC2 to EH02]: pattern 45484332, bin not found / already patched!
68:800  0:000  11. [change EC0 to EC]: pattern 4543305F, bin not found / already patched!
68:800  0:000  12. [change HDAS to HDEF]: pattern 48444153, bin not found / already patched!
68:800  0:000    0 replacements
68:800  0:000  Patching SSDT PtidDevc Length=12290
68:800  0:000  0. [Add _SUN property for GIGE]: disabled
68:800  0:000  1. [Rename GFX0 to IGPU]: pattern 47465830, bin not found / already patched!
68:800  0:000  2. [Rename HDEF to AZAL]: disabled
68:800  0:000  3. [Rename oem _DSM to ZDSM]: pattern 5F44534D, bin not found / already patched!
68:801  0:000  4. [Rename HECI to IMEI]: pattern 48454349, bin not found / already patched!
68:801  0:000  5. [Rename XHCI to XHC (USB)]: pattern 58484349, bin not found / already patched!
68:801  0:000  6. [Rename XHC1 to XHC (USB)]: pattern 58484331, bin not found / already patched!
68:801  0:000  7. [Rename H_EC to EC (USB Power)]: pattern 485F4543, patched at: [ (24) (57) (16) (16) (16) (16) (16) (16) (16) (16) (16) (16) (3A) (16) (16) (16) (16) (16) (16) (16) (16) (16) (16) (16) (16) (16) (16) (16) (16) (16) (16) (16) (16) (16) (16) (16) (16) (16) (16) (16) (16) (16) (16) (16) (16) (16) (16) (16) (16) (16) (16) (16) (16) (16) (16) (16) (16) (16) (16) (16) (16) (16) (16) (16) (16) (16) (16) (16) (16) (16) (16) (16) (16) (16) (16) (16) (16) (16) (16) (16) (16) (16) (16) (16) (B4D) (17) (14) (25) (14) (25) (14) (25) (14) (25) (14) (25) (14) (25) (14) (3E) (1A) (14) (24) (14) (24) (14) (24) (14) (24) (14) (11E) (17) (14) (25) (14) (25) (14) (25) (14) (25) (14) (25) (14) (25) (14) (25) (14) (56) (1A) (14) (24) (14) (24) (14) (24) (14) (8D) (15) (14) (1B) (14) (1D) (14) (1C) (14) (1E) (14) (1C) (14) (1C) (14) (1C) (14) (1C) (14) (1C) (14) (1C) (14) (1C) (14) (1C) (14) (1C) (14) (1C) (14) (1C) (14) (35) (14) (16) (14) (44) (4E) (14) (1B) (14) (1B) (14) (1D) (14) (20) (14) (20) (14) (20) (14) (20) (14) (4F) (14) (1B) (14) (1B) (14) (1D) (14) (20) (14) (20) (14) (20) (14) (AE) (15) (14) (1C) (14) (1C) (14) (1C) (14) (1C) (14) (1C) (14) (1C) (14) (1C) (14) (1C) (14) (1C) (14) (1C) (14) (1C) (14) (1C) (14) (1C) (14) (1C) (14) (1C) (14) (1C) (14) (1C) (14) (1C) (14) (1C) (14) (3A) (14) (1A) (13) (1A) (13) (1A) (13) (1A) (13) (1A) (13) (1A) (13) (1A) (13) (1A) (13) (1A) (13) (1A) (13) (1A) (13) (1A) (13) (1A) (13) (1A) (13) (1A) (13) (1A) (13) (1A) (13) (1A) (13) (1A) (13) (1A) (13) (21) (14) (21) (14) (23) (15) (14) (25) (15) (14) (19) (14) (1D) (14) (1D) (14) ]
68:801  0:000  8. [Rename ECDV to EC (USB Power)]: pattern 45434456, bin not found / already patched!
68:801  0:000  9. [change EHC1 to EH01]: pattern 45484331, bin not found / already patched!
68:801  0:000  10. [change EHC2 to EH02]: pattern 45484332, bin not found / already patched!
68:801  0:000  11. [change EC0 to EC]: pattern 4543305F, bin not found / already patched!
68:801  0:000  12. [change HDAS to HDEF]: pattern 48444153, bin not found / already patched!
68:801  0:000    0 replacements
68:801  0:000  Patching SSDT TbtTypeC Length=533
68:801  0:000  0. [Add _SUN property for GIGE]: disabled
68:801  0:000  1. [Rename GFX0 to IGPU]: pattern 47465830, bin not found / already patched!
68:801  0:000  2. [Rename HDEF to AZAL]: disabled
68:801  0:000  3. [Rename oem _DSM to ZDSM]: pattern 5F44534D, bin not found / already patched!
68:801  0:000  4. [Rename HECI to IMEI]: pattern 48454349, bin not found / already patched!
68:801  0:000  5. [Rename XHCI to XHC (USB)]: pattern 58484349, bin not found / already patched!
68:801  0:000  6. [Rename XHC1 to XHC (USB)]: pattern 58484331, bin not found / already patched!
68:801  0:000  7. [Rename H_EC to EC (USB Power)]: pattern 485F4543, bin not found / already patched!
68:801  0:000  8. [Rename ECDV to EC (USB Power)]: pattern 45434456, bin not found / already patched!
68:801  0:000  9. [change EHC1 to EH01]: pattern 45484331, bin not found / already patched!
68:801  0:000  10. [change EHC2 to EH02]: pattern 45484332, bin not found / already patched!
68:801  0:000  11. [change EC0 to EC]: pattern 4543305F, bin not found / already patched!
68:801  0:000  12. [change HDAS to HDEF]: pattern 48444153, bin not found / already patched!
68:801  0:000    0 replacements
68:801  0:000  === [ ACPIPatchedAML ] ====================================
68:801  0:000  AutoMerge pass 2
68:801  0:000  Unsorted
68:801  0:000  Inserting SSDT-USBX.aml from EFI\CLOVER\ACPI\patched: size=185 ... Success
68:803  0:002  Inserting SSDT-UIAC.aml from EFI\CLOVER\ACPI\patched: size=498 ... Success
68:805  0:002  Inserting SSDT.aml from EFI\CLOVER\ACPI\patched: size=1826 ... Success
68:808  0:002  Inserting SSDT-EC.aml from EFI\CLOVER\ACPI\patched: size=91 ... Success
68:810  0:002  CPUBase=0 and ApicCPUBase=1 ApicCPUNum=1
68:810  0:000  Maximum control=0x1B
68:810  0:000  Turbo control=0x21
68:810  0:000  P-States: min 0x8, max 0x21
68:810  0:000  SSDT with plugin-type without P-States is generated
68:810  0:000  Cleanup XSDT: count=33, length=300
68:810  0:000  corrected XSDT count=32, length=292
68:810  0:000  === [ RestSetup macOS ] ===================================
68:810  0:000  EdidDiscovered size=128
68:810  0:000  --- Discovered EDID Table size:128
68:810  0:000  000  |  00  FF  FF  FF  FF  FF  FF  00  10  AC
68:810  0:000  010  |  82  D0  4C  41  45  30  2C  1C  01  03
68:810  0:000  020  |  80  35  1E  78  EA  21  95  A7  56  52
68:810  0:000  030  |  9C  26  10  50  54  A5  4B  00  71  4F
68:810  0:000  040  |  81  80  A9  C0  D1  C0  01  01  01  01
68:810  0:000  050  |  01  01  01  01  02  3A  80  18  71  38
68:810  0:000  060  |  2D  40  58  2C  45  00  0F  28  21  00
68:810  0:000  070  |  00  1E  00  00  00  FF  00  50  37  48
68:810  0:000  080  |  54  38  38  42  34  30  45  41  4C  0A
68:810  0:000  090  |  00  00  00  FC  00  44  45  4C  4C  20
68:810  0:000  100  |  53  45  32  34  31  36  48  0A  00  00
68:810  0:000  110  |  00  FD  00  38  4C  1E  53  11  00  0A
68:810  0:000  120  |  20  20  20  20  20  20  01  48
68:810  0:000  add device: PciRoot(0x0)/Pci(0x2,0x0)
68:810  0:000     Add key=hda-gfx valuelen=10
68:810  0:000     Add key=framebuffer-stolenmem valuelen=4
68:810  0:000     Add key=framebuffer-patch-enable valuelen=4
68:810  0:000     Add key=framebuffer-fbmem valuelen=4
68:810  0:000     Add key=enable-hdmi20 valuelen=4
68:810  0:000     Add key=disable-external-gpu valuelen=4
68:810  0:000     Add key=device_type valuelen=26
68:810  0:000     Add key=device-id valuelen=4
68:810  0:000     Add key=AAPL,slot-name valuelen=9
68:810  0:000     Add key=AAPL,ig-platform-id valuelen=4
68:810  0:000     Add key=AAPL,GfxYTile valuelen=4
68:810  0:000  Intel GFX injection not set
68:810  0:000   RCBA disabled; cannot use it
68:811  0:000  stringlength = 1130
68:811  0:000  CurrentMode: Width=1920 Height=1080
68:811  0:000  Beginning FSInjection
FSInjectionInstall ...
- Our FSI_SIMPLE_FILE_SYSTEM_PROTOCOL installed on handle: 87123798
FSInjectionInstall ...
- Our FSI_SIMPLE_FILE_SYSTEM_PROTOCOL installed on handle: 87123798
68:819  0:008  Use origin smbios table type 1 guid.
68:824  0:004  Preparing kexts injection for arch=x86_64 from EFI\CLOVER\kexts\Other
68:824  0:000  Extra kext: EFI\CLOVER\kexts\Other\IOath3kfrmwr.kext (v.1.2.1)
68:832  0:008  Extra kext: EFI\CLOVER\kexts\Other\BrcmBluetoothInjector_Mod.kext (v.1.0.5)
68:835  0:003  Extra kext: EFI\CLOVER\kexts\Other\Lilu.kext (v.1.3.8)
68:843  0:008  Extra kext: EFI\CLOVER\kexts\Other\AppleALC.kext (v.1.4.1)
68:886  0:042  Extra kext: EFI\CLOVER\kexts\Other\WhateverGreen.kext (v.1.3.2)
68:896  0:010  Extra kext: EFI\CLOVER\kexts\Other\SMCProcessor.kext (v.1.0.7)
68:903  0:006  Extra kext: EFI\CLOVER\kexts\Other\SMCSuperIO.kext (v.1.0.7)
68:909  0:005  Extra kext: EFI\CLOVER\kexts\Other\USBPorts.kext (v.1.0)
68:912  0:003  Extra kext: EFI\CLOVER\kexts\Other\RealtekRTL8111.kext (v.2.2.2)
68:921  0:008  Extra kext: EFI\CLOVER\kexts\Other\VirtualSMC.kext (v.1.0.7)
68:934  0:013  SetStartupDiskVolume:
68:934  0:000    * Volume: 'Macintosh HD'
68:934  0:000    * LoaderPath: '<null string>'
68:934  0:000    * DevPath: Macintosh HD
68:934  0:000    * GUID = 8C04BD51-F206-4B77-9BEC-039A53A53BBF
68:934  0:000    * efi-boot-device: <array><dict><key>IOMatch</key><dict><key>IOProviderClass</key><string>IOMedia</string><key>IOPropertyMatch</key><dict><key>UUID</key><string>8C04BD51-F206-4B77-9BEC-039A53A53BBF</string></dict></dict></dict></array>
68:934  0:000  SetScreenResolution: 1920x1080 - already set
68:934  0:000  Custom boot is disabled
68:936  0:001  Closing log
